<?xml version="1.0" encoding="UTF-8"?>
<testsuites name="Data DrivenTest Suite" time="9" tests="1" failures="0" errors="0">
   <testsuite name="Data DrivenTest Suite" tests="1" failures="0" errors="0" time="9" timestamp="2018-07-10 18:02:43" hostname="J772AHE - 10.203.21.27" id="Test Suites/Data DrivenTest Suite">
      <properties>
         <property name="deviceName" value=""/>
         <property name="devicePlatform" value=""/>
         <property name="logFolder" value="D:\\Users\\J772AHE\\Katalon Studio\\DataDrivenTest\\Reports\\Data DrivenTest Suite\\20180710_180240"/>
         <property name="logFiles" value="D:\\Users\\J772AHE\\Katalon Studio\\DataDrivenTest\\Reports\\Data DrivenTest Suite\\20180710_180240\\execution0.log"/>
         <property name="attachments" value=""/>
         <property name="hostName" value="J772AHE - 10.203.21.27"/>
         <property name="os" value="Windows 7 64bit"/>
         <property name="katalonVersion" value="5.4.2.1"/>
         <property name="browser" value="Chrome 67.0.3396.99"/>
         <property name="hostAddress" value="10.203.21.27"/>
         <property name="sessionId" value="eaebc67947587f1007bb174dc61eed81"/>
         <property name="seleniumVersion" value="3.7.1"/>
         <property name="proxyInformation" value="ProxyInformation{proxyOption=USE_SYSTEM, proxyServerType=HTTP, password=, proxyServerAddress=, proxyServerPort=0}"/>
         <property name="platform" value="Windows 7"/>
      </properties>
      <testcase name="Test Cases/Login Test" classname="Test Cases/Login Test" status="PASSED">
         <system-out><![CDATA[2018-07-10 18:02:43 - [TEST_CASE][PASSED] - Test Cases/Login Test: Test Cases/Login Test

2018-07-10 18:02:43 - [TEST_STEP][PASSED] - openBrowser: Browser is opened with url: 'http://demoaut.katalon.com/profile.php#login'

2018-07-10 18:02:49 - [MESSAGE][PASSED] - Browser is opened with url: 'http://demoaut.katalon.com/profile.php#login'

2018-07-10 18:02:50 - [TEST_STEP][PASSED] - setText: Text 'John Doe' is set on object 'Object Repository/Page_CURA Healthcare Service/input_username'

2018-07-10 18:02:50 - [MESSAGE][PASSED] - Text 'John Doe' is set on object 'Object Repository/Page_CURA Healthcare Service/input_username'

2018-07-10 18:02:50 - [TEST_STEP][PASSED] - setText: Text 'ThisIsNotAPassword' is set on object 'Object Repository/Page_CURA Healthcare Service/input_password'

2018-07-10 18:02:50 - [MESSAGE][PASSED] - Text 'ThisIsNotAPassword' is set on object 'Object Repository/Page_CURA Healthcare Service/input_password'

2018-07-10 18:02:50 - [TEST_STEP][PASSED] - click: Object: 'Object Repository/Page_CURA Healthcare Service/button_Login' is clicked on

2018-07-10 18:02:51 - [MESSAGE][PASSED] - Object: 'Object Repository/Page_CURA Healthcare Service/button_Login' is clicked on

2018-07-10 18:02:51 - [TEST_STEP][PASSED] - verifyElementPresent: Object 'Object Repository/Page_CURA Healthcare Service/button_Book Appointment' is present

2018-07-10 18:02:51 - [MESSAGE][PASSED] - Object 'Object Repository/Page_CURA Healthcare Service/button_Book Appointment' is present

2018-07-10 18:02:51 - [TEST_STEP][PASSED] - closeBrowser: Browser is closed

2018-07-10 18:02:52 - [MESSAGE][PASSED] - Browser is closed]]></system-out>
         <system-err><![CDATA[]]></system-err>
      </testcase>
      <system-out><![CDATA[2018-07-10 18:02:43 - [TEST_SUITE][PASSED] - Data DrivenTest Suite: Test Cases/Login Test]]></system-out>
      <system-err><![CDATA[]]></system-err>
   </testsuite>
</testsuites>
