<?xml version="1.0" encoding="UTF-8"?>
<testsuites name="Data DrivenTest Suite" time="32" tests="1" failures="2" errors="0">
   <testsuite name="Data DrivenTest Suite" tests="1" failures="2" errors="0" time="32" timestamp="2018-07-10 17:59:36" hostname="J772AHE - 10.203.21.27" id="Test Suites/Data DrivenTest Suite">
      <properties>
         <property name="deviceName" value=""/>
         <property name="devicePlatform" value=""/>
         <property name="logFolder" value="D:\\Users\\J772AHE\\Katalon Studio\\DataDrivenTest\\Reports\\Data DrivenTest Suite\\20180710_175934"/>
         <property name="logFiles" value="D:\\Users\\J772AHE\\Katalon Studio\\DataDrivenTest\\Reports\\Data DrivenTest Suite\\20180710_175934\\execution0.log"/>
         <property name="attachments" value="D:\\Users\\J772AHE\\Katalon Studio\\DataDrivenTest\\Reports\\Data DrivenTest Suite\\20180710_175934\\1531238389765.png, D:\\Users\\J772AHE\\Katalon Studio\\DataDrivenTest\\Reports\\Data DrivenTest Suite\\20180710_175934\\1531238390037.png, D:\\Users\\J772AHE\\Katalon Studio\\DataDrivenTest\\Reports\\Data DrivenTest Suite\\20180710_175934\\1531238407795.png, D:\\Users\\J772AHE\\Katalon Studio\\DataDrivenTest\\Reports\\Data DrivenTest Suite\\20180710_175934\\1531238408101.png"/>
         <property name="hostName" value="J772AHE - 10.203.21.27"/>
         <property name="os" value="Windows 7 64bit"/>
         <property name="katalonVersion" value="5.4.2.1"/>
         <property name="browser" value="Chrome 67.0.3396.99"/>
         <property name="hostAddress" value="10.203.21.27"/>
         <property name="sessionId" value="e60f3ac95298b8a54c118fcbf1bc3fbd"/>
         <property name="seleniumVersion" value="3.7.1"/>
         <property name="proxyInformation" value="ProxyInformation{proxyOption=USE_SYSTEM, proxyServerType=HTTP, password=, proxyServerAddress=, proxyServerPort=0}"/>
         <property name="platform" value="Windows 7"/>
      </properties>
      <testcase name="Test Cases/Login Test" classname="Test Cases/Login Test" status="FAILED">
         <failure type="FAILED" message="Unable to verify object 'Object Repository/Page_CURA Healthcare Service/button_Book Appointment' is present (Root cause: com.kms.katalon.core.webui.exception.WebElementNotFoundException: Web element with id: 'Object Repository/Page_CURA Healthcare Service/button_Book Appointment' located by 'By.xpath: //button[@id = 'btn-book-appointment' and @type = 'submit' and (text() = 'Book Appointment' or . = 'Book Appointment')]' not found)"/>
         <system-out><![CDATA[2018-07-10 17:59:36 - [TEST_CASE][FAILED] - Test Cases/Login Test: Test Cases/Login Test FAILED because (of) Unable to verify object 'Object Repository/Page_CURA Healthcare Service/button_Book Appointment' is present (Root cause: com.kms.katalon.core.webui.exception.WebElementNotFoundException: Web element with id: 'Object Repository/Page_CURA Healthcare Service/button_Book Appointment' located by 'By.xpath: //button[@id = 'btn-book-appointment' and @type = 'submit' and (text() = 'Book Appointment' or . = 'Book Appointment')]' not found)

2018-07-10 17:59:37 - [TEST_STEP][PASSED] - openBrowser: Browser is opened with url: 'http://demoaut.katalon.com/profile.php#login'

2018-07-10 17:59:42 - [MESSAGE][PASSED] - Browser is opened with url: 'http://demoaut.katalon.com/profile.php#login'

2018-07-10 17:59:42 - [TEST_STEP][PASSED] - setText: Text 'admin' is set on object 'Object Repository/Page_CURA Healthcare Service/input_username'

2018-07-10 17:59:43 - [MESSAGE][PASSED] - Text 'admin' is set on object 'Object Repository/Page_CURA Healthcare Service/input_username'

2018-07-10 17:59:43 - [TEST_STEP][PASSED] - setText: Text 'abc123' is set on object 'Object Repository/Page_CURA Healthcare Service/input_password'

2018-07-10 17:59:43 - [MESSAGE][PASSED] - Text 'abc123' is set on object 'Object Repository/Page_CURA Healthcare Service/input_password'

2018-07-10 17:59:43 - [TEST_STEP][PASSED] - click: Object: 'Object Repository/Page_CURA Healthcare Service/button_Login' is clicked on

2018-07-10 17:59:44 - [MESSAGE][PASSED] - Object: 'Object Repository/Page_CURA Healthcare Service/button_Login' is clicked on

2018-07-10 17:59:44 - [TEST_STEP][FAILED] - verifyElementPresent: Unable to verify object 'Object Repository/Page_CURA Healthcare Service/button_Book Appointment' is present (Root cause: com.kms.katalon.core.webui.exception.WebElementNotFoundException: Web element with id: 'Object Repository/Page_CURA Healthcare Service/button_Book Appointment' located by 'By.xpath: //button[@id = 'btn-book-appointment' and @type = 'submit' and (text() = 'Book Appointment' or . = 'Book Appointment')]' not found)

2018-07-10 17:59:50 - [MESSAGE][FAILED] - com.kms.katalon.core.webui.exception.WebElementNotFoundException: Web element with id: 'Object Repository/Page_CURA Healthcare Service/button_Book Appointment' located by 'By.xpath: //button[@id = 'btn-book-appointment' and @type = 'submit' and (text() = 'Book Appointment' or . = 'Book Appointment')]' not found
[[ATTACHMENT|D:\\Users\\J772AHE\\Katalon Studio\\DataDrivenTest\\Reports\\Data DrivenTest Suite\\20180710_175934\\1531238389765.png]]

2018-07-10 17:59:50 - [MESSAGE][FAILED] - Unable to verify object 'Object Repository/Page_CURA Healthcare Service/button_Book Appointment' is present (Root cause: com.kms.katalon.core.webui.exception.WebElementNotFoundException: Web element with id: 'Object Repository/Page_CURA Healthcare Service/button_Book Appointment' located by 'By.xpath: //button[@id = 'btn-book-appointment' and @type = 'submit' and (text() = 'Book Appointment' or . = 'Book Appointment')]' not found)
[[ATTACHMENT|D:\\Users\\J772AHE\\Katalon Studio\\DataDrivenTest\\Reports\\Data DrivenTest Suite\\20180710_175934\\1531238390037.png]]]]></system-out>
         <system-err><![CDATA[2018-07-10 17:59:36 - [TEST_CASE][FAILED] - Test Cases/Login Test: Test Cases/Login Test FAILED because (of) Unable to verify object 'Object Repository/Page_CURA Healthcare Service/button_Book Appointment' is present (Root cause: com.kms.katalon.core.webui.exception.WebElementNotFoundException: Web element with id: 'Object Repository/Page_CURA Healthcare Service/button_Book Appointment' located by 'By.xpath: //button[@id = 'btn-book-appointment' and @type = 'submit' and (text() = 'Book Appointment' or . = 'Book Appointment')]' not found)]]></system-err>
      </testcase>
      <testcase name="Test Cases/Login Test" classname="Test Cases/Login Test" status="PASSED">
         <system-out><![CDATA[2018-07-10 17:59:50 - [TEST_CASE][PASSED] - Test Cases/Login Test: Test Cases/Login Test

2018-07-10 17:59:50 - [TEST_STEP][PASSED] - openBrowser: Browser is opened with url: 'http://demoaut.katalon.com/profile.php#login'

2018-07-10 17:59:50 - [MESSAGE][WARNING] - A browser is already opened. Closing browser and opening a new one

2018-07-10 17:59:54 - [MESSAGE][PASSED] - Browser is opened with url: 'http://demoaut.katalon.com/profile.php#login'

2018-07-10 17:59:54 - [TEST_STEP][PASSED] - setText: Text 'John Doe' is set on object 'Object Repository/Page_CURA Healthcare Service/input_username'

2018-07-10 17:59:55 - [MESSAGE][PASSED] - Text 'John Doe' is set on object 'Object Repository/Page_CURA Healthcare Service/input_username'

2018-07-10 17:59:55 - [TEST_STEP][PASSED] - setText: Text 'ThisIsNotAPassword' is set on object 'Object Repository/Page_CURA Healthcare Service/input_password'

2018-07-10 17:59:55 - [MESSAGE][PASSED] - Text 'ThisIsNotAPassword' is set on object 'Object Repository/Page_CURA Healthcare Service/input_password'

2018-07-10 17:59:55 - [TEST_STEP][PASSED] - click: Object: 'Object Repository/Page_CURA Healthcare Service/button_Login' is clicked on

2018-07-10 17:59:56 - [MESSAGE][PASSED] - Object: 'Object Repository/Page_CURA Healthcare Service/button_Login' is clicked on

2018-07-10 17:59:56 - [TEST_STEP][PASSED] - verifyElementPresent: Object 'Object Repository/Page_CURA Healthcare Service/button_Book Appointment' is present

2018-07-10 17:59:56 - [MESSAGE][PASSED] - Object 'Object Repository/Page_CURA Healthcare Service/button_Book Appointment' is present

2018-07-10 17:59:56 - [TEST_STEP][PASSED] - closeBrowser: Browser is closed

2018-07-10 17:59:57 - [MESSAGE][PASSED] - Browser is closed]]></system-out>
         <system-err><![CDATA[]]></system-err>
      </testcase>
      <testcase name="Test Cases/Login Test" classname="Test Cases/Login Test" status="FAILED">
         <failure type="FAILED" message="Unable to verify object 'Object Repository/Page_CURA Healthcare Service/button_Book Appointment' is present (Root cause: com.kms.katalon.core.webui.exception.WebElementNotFoundException: Web element with id: 'Object Repository/Page_CURA Healthcare Service/button_Book Appointment' located by 'By.xpath: //button[@id = 'btn-book-appointment' and @type = 'submit' and (text() = 'Book Appointment' or . = 'Book Appointment')]' not found)"/>
         <system-out><![CDATA[2018-07-10 17:59:57 - [TEST_CASE][FAILED] - Test Cases/Login Test: Test Cases/Login Test FAILED because (of) Unable to verify object 'Object Repository/Page_CURA Healthcare Service/button_Book Appointment' is present (Root cause: com.kms.katalon.core.webui.exception.WebElementNotFoundException: Web element with id: 'Object Repository/Page_CURA Healthcare Service/button_Book Appointment' located by 'By.xpath: //button[@id = 'btn-book-appointment' and @type = 'submit' and (text() = 'Book Appointment' or . = 'Book Appointment')]' not found)

2018-07-10 17:59:57 - [TEST_STEP][PASSED] - openBrowser: Browser is opened with url: 'http://demoaut.katalon.com/profile.php#login'

2018-07-10 18:00:01 - [MESSAGE][PASSED] - Browser is opened with url: 'http://demoaut.katalon.com/profile.php#login'

2018-07-10 18:00:01 - [TEST_STEP][PASSED] - setText: Text 'tester' is set on object 'Object Repository/Page_CURA Healthcare Service/input_username'

2018-07-10 18:00:01 - [MESSAGE][PASSED] - Text 'tester' is set on object 'Object Repository/Page_CURA Healthcare Service/input_username'

2018-07-10 18:00:01 - [TEST_STEP][PASSED] - setText: Text 'qwerty' is set on object 'Object Repository/Page_CURA Healthcare Service/input_password'

2018-07-10 18:00:01 - [MESSAGE][PASSED] - Text 'qwerty' is set on object 'Object Repository/Page_CURA Healthcare Service/input_password'

2018-07-10 18:00:01 - [TEST_STEP][PASSED] - click: Object: 'Object Repository/Page_CURA Healthcare Service/button_Login' is clicked on

2018-07-10 18:00:02 - [MESSAGE][PASSED] - Object: 'Object Repository/Page_CURA Healthcare Service/button_Login' is clicked on

2018-07-10 18:00:02 - [TEST_STEP][FAILED] - verifyElementPresent: Unable to verify object 'Object Repository/Page_CURA Healthcare Service/button_Book Appointment' is present (Root cause: com.kms.katalon.core.webui.exception.WebElementNotFoundException: Web element with id: 'Object Repository/Page_CURA Healthcare Service/button_Book Appointment' located by 'By.xpath: //button[@id = 'btn-book-appointment' and @type = 'submit' and (text() = 'Book Appointment' or . = 'Book Appointment')]' not found)

2018-07-10 18:00:08 - [MESSAGE][FAILED] - com.kms.katalon.core.webui.exception.WebElementNotFoundException: Web element with id: 'Object Repository/Page_CURA Healthcare Service/button_Book Appointment' located by 'By.xpath: //button[@id = 'btn-book-appointment' and @type = 'submit' and (text() = 'Book Appointment' or . = 'Book Appointment')]' not found
[[ATTACHMENT|D:\\Users\\J772AHE\\Katalon Studio\\DataDrivenTest\\Reports\\Data DrivenTest Suite\\20180710_175934\\1531238407795.png]]

2018-07-10 18:00:08 - [MESSAGE][FAILED] - Unable to verify object 'Object Repository/Page_CURA Healthcare Service/button_Book Appointment' is present (Root cause: com.kms.katalon.core.webui.exception.WebElementNotFoundException: Web element with id: 'Object Repository/Page_CURA Healthcare Service/button_Book Appointment' located by 'By.xpath: //button[@id = 'btn-book-appointment' and @type = 'submit' and (text() = 'Book Appointment' or . = 'Book Appointment')]' not found)
[[ATTACHMENT|D:\\Users\\J772AHE\\Katalon Studio\\DataDrivenTest\\Reports\\Data DrivenTest Suite\\20180710_175934\\1531238408101.png]]]]></system-out>
         <system-err><![CDATA[2018-07-10 17:59:57 - [TEST_CASE][FAILED] - Test Cases/Login Test: Test Cases/Login Test FAILED because (of) Unable to verify object 'Object Repository/Page_CURA Healthcare Service/button_Book Appointment' is present (Root cause: com.kms.katalon.core.webui.exception.WebElementNotFoundException: Web element with id: 'Object Repository/Page_CURA Healthcare Service/button_Book Appointment' located by 'By.xpath: //button[@id = 'btn-book-appointment' and @type = 'submit' and (text() = 'Book Appointment' or . = 'Book Appointment')]' not found)]]></system-err>
      </testcase>
      <system-out><![CDATA[2018-07-10 17:59:36 - [TEST_SUITE][FAILED] - Data DrivenTest Suite: Test Cases/Login Test FAILED because (of) Unable to verify object 'Object Repository/Page_CURA Healthcare Service/button_Book Appointment' is present (Root cause: com.kms.katalon.core.webui.exception.WebElementNotFoundException: Web element with id: 'Object Repository/Page_CURA Healthcare Service/button_Book Appointment' located by 'By.xpath: //button[@id = 'btn-book-appointment' and @type = 'submit' and (text() = 'Book Appointment' or . = 'Book Appointment')]' not found)]]></system-out>
      <system-err><![CDATA[2018-07-10 17:59:36 - [TEST_SUITE][FAILED] - Data DrivenTest Suite: Test Cases/Login Test FAILED because (of) Unable to verify object 'Object Repository/Page_CURA Healthcare Service/button_Book Appointment' is present (Root cause: com.kms.katalon.core.webui.exception.WebElementNotFoundException: Web element with id: 'Object Repository/Page_CURA Healthcare Service/button_Book Appointment' located by 'By.xpath: //button[@id = 'btn-book-appointment' and @type = 'submit' and (text() = 'Book Appointment' or . = 'Book Appointment')]' not found)]]></system-err>
   </testsuite>
</testsuites>
